app/build/intermediates/manifest_merge_blame_file/debug/manifest-merger-blame-debug-report.txt
1<?xml version="1.0" encoding="utf-8"?>
2<manifest xmlns:android="http://schemas.android.com/apk/res/android"
3    package="com.example.allnotes"
4    android:versionCode="1"
5    android:versionName="1.0" >
6
7    <uses-sdk
8        android:minSdkVersion="27"
8-->src\main\AndroidManifest.xml
9        android:targetSdkVersion="32" />
9-->src\main\AndroidManifest.xml
10
11    <uses-permission android:name="android.permission.INTERNET" />
11-->src\main\AndroidManifest.xml:5:5-67
11-->src\main\AndroidManifest.xml:5:22-64
12    <uses-permission android:name="android.permission.MANAGE_EXTERNAL_STORAGE" />
12-->src\main\AndroidManifest.xml:6:5-82
12-->src\main\AndroidManifest.xml:6:22-79
13    <uses-permission android:name="android.permission.READ_EXTERNAL_STORAGE" />
13-->src\main\AndroidManifest.xml:7:5-80
13-->src\main\AndroidManifest.xml:7:22-77
14    <uses-permission android:name="android.permission.WRITE_EXTERNAL_STORAGE" />
14-->src\main\AndroidManifest.xml:8:5-81
14-->src\main\AndroidManifest.xml:8:22-78
15    <uses-permission android:name="android.permission.RECORD_AUDIO" />
15-->src\main\AndroidManifest.xml:9:5-70
15-->src\main\AndroidManifest.xml:9:22-68
16    <uses-permission android:name="android.permission.ACCESS_NETWORK_STATE" />
16-->[com.google.firebase:firebase-auth:21.0.3] AndroidManifest.xml:24:5-79
16-->[com.google.firebase:firebase-auth:21.0.3] AndroidManifest.xml:24:22-76
17
18    <application
18-->src\main\AndroidManifest.xml:11:5-87:19
19        android:allowBackup="true"
19-->src\main\AndroidManifest.xml:12:9-35
20        android:appComponentFactory="androidx.core.app.CoreComponentFactory"
20-->[androidx.core:core:1.7.0] AndroidManifest.xml:24:18-86
21        android:debuggable="true"
22        android:extractNativeLibs="false"
23        android:icon="@mipmap/ic_launcher"
23-->src\main\AndroidManifest.xml:13:9-43
24        android:label="@string/app_name"
24-->src\main\AndroidManifest.xml:14:9-41
25        android:roundIcon="@mipmap/ic_launcher_round"
25-->src\main\AndroidManifest.xml:15:9-54
26        android:supportsRtl="true"
26-->src\main\AndroidManifest.xml:16:9-35
27        android:testOnly="true"
28        android:theme="@style/Theme.Material3.Light.NoActionBar" >
28-->src\main\AndroidManifest.xml:17:9-65
29        <activity
29-->src\main\AndroidManifest.xml:19:9-21:40
30            android:name="com.example.allnotes.ImageNoteActivity"
30-->src\main\AndroidManifest.xml:20:13-46
31            android:exported="false" />
31-->src\main\AndroidManifest.xml:21:13-37
32        <activity
32-->src\main\AndroidManifest.xml:22:9-24:40
33            android:name="com.example.allnotes.UploadImageActivity"
33-->src\main\AndroidManifest.xml:23:13-48
34            android:exported="false" />
34-->src\main\AndroidManifest.xml:24:13-37
35        <activity
35-->src\main\AndroidManifest.xml:25:9-27:40
36            android:name="com.example.allnotes.CreateFileActivity"
36-->src\main\AndroidManifest.xml:26:13-47
37            android:exported="false" />
37-->src\main\AndroidManifest.xml:27:13-37
38        <activity
38-->src\main\AndroidManifest.xml:28:9-30:40
39            android:name="com.example.allnotes.FileNoteActivity"
39-->src\main\AndroidManifest.xml:29:13-45
40            android:exported="false" />
40-->src\main\AndroidManifest.xml:30:13-37
41        <activity
41-->src\main\AndroidManifest.xml:31:9-34:75
42            android:name="com.example.allnotes.NoteDetailsActivity"
42-->src\main\AndroidManifest.xml:32:13-48
43            android:exported="false"
43-->src\main\AndroidManifest.xml:33:13-37
44            android:theme="@style/Theme.AppCompat.DayNight.NoActionBar" />
44-->src\main\AndroidManifest.xml:34:13-72
45        <activity
45-->src\main\AndroidManifest.xml:35:9-38:75
46            android:name="com.example.allnotes.editTextNoteActivity"
46-->src\main\AndroidManifest.xml:36:13-49
47            android:exported="false"
47-->src\main\AndroidManifest.xml:37:13-37
48            android:theme="@style/Theme.AppCompat.DayNight.NoActionBar" />
48-->src\main\AndroidManifest.xml:38:13-72
49        <activity
49-->src\main\AndroidManifest.xml:39:9-42:75
50            android:name="com.example.allnotes.CreateTextNoteActivity"
50-->src\main\AndroidManifest.xml:40:13-51
51            android:exported="false"
51-->src\main\AndroidManifest.xml:41:13-37
52            android:theme="@style/Theme.AppCompat.DayNight.NoActionBar" />
52-->src\main\AndroidManifest.xml:42:13-72
53        <activity
53-->src\main\AndroidManifest.xml:43:9-45:40
54            android:name="com.example.allnotes.NoteTextActivity"
54-->src\main\AndroidManifest.xml:44:13-45
55            android:exported="false" />
55-->src\main\AndroidManifest.xml:45:13-37
56        <activity
56-->src\main\AndroidManifest.xml:46:9-48:39
57            android:name="com.example.allnotes.ContentMain"
57-->src\main\AndroidManifest.xml:47:13-40
58            android:exported="true" />
58-->src\main\AndroidManifest.xml:48:13-36
59        <activity
59-->src\main\AndroidManifest.xml:49:9-51:40
60            android:name="com.example.allnotes.ForgotPassword"
60-->src\main\AndroidManifest.xml:50:13-43
61            android:exported="false" />
61-->src\main\AndroidManifest.xml:51:13-37
62        <activity
62-->src\main\AndroidManifest.xml:52:9-54:40
63            android:name="com.example.allnotes.SignUp"
63-->src\main\AndroidManifest.xml:53:13-35
64            android:exported="false" />
64-->src\main\AndroidManifest.xml:54:13-37
65        <activity
65-->src\main\AndroidManifest.xml:55:9-57:40
66            android:name="com.example.allnotes.DrawActivity"
66-->src\main\AndroidManifest.xml:56:13-41
67            android:exported="false" />
67-->src\main\AndroidManifest.xml:57:13-37
68        <activity
68-->src\main\AndroidManifest.xml:58:9-66:20
69            android:name="com.example.allnotes.MainActivity"
69-->src\main\AndroidManifest.xml:59:13-41
70            android:exported="true" >
70-->src\main\AndroidManifest.xml:60:13-36
71            <intent-filter>
71-->src\main\AndroidManifest.xml:61:13-65:29
72                <action android:name="android.intent.action.MAIN" />
72-->src\main\AndroidManifest.xml:62:17-69
72-->src\main\AndroidManifest.xml:62:25-66
73
74                <category android:name="android.intent.category.LAUNCHER" />
74-->src\main\AndroidManifest.xml:64:17-77
74-->src\main\AndroidManifest.xml:64:27-74
75            </intent-filter>
76        </activity> <!-- <activity -->
77        <!-- android:name=".MainActivity" -->
78        <!-- android:exported="true"> -->
79        <!-- <intent-filter> -->
80        <!-- <action android:name="android.intent.action.MAIN" /> -->
81        <!-- <category android:name="android.intent.category.LAUNCHER" /> -->
82        <!-- </intent-filter> -->
83        <!-- </activity> -->
84        <meta-data
84-->src\main\AndroidManifest.xml:74:9-76:55
85            android:name="com.facebook.sdk.ApplicationId"
85-->src\main\AndroidManifest.xml:75:13-58
86            android:value="@string/facebook_app_id" />
86-->src\main\AndroidManifest.xml:76:13-52
87
88        <provider
89            android:name="androidx.core.content.FileProvider"
89-->src\main\AndroidManifest.xml:79:13-62
90            android:authorities="com.example.allnotes.provider"
90-->src\main\AndroidManifest.xml:78:13-60
91            android:exported="false"
91-->src\main\AndroidManifest.xml:80:13-37
92            android:grantUriPermissions="true" >
92-->src\main\AndroidManifest.xml:81:13-47
93            <meta-data
93-->src\main\AndroidManifest.xml:82:13-84:57
94                android:name="android.support.FILE_PROVIDER_PATHS"
94-->src\main\AndroidManifest.xml:83:17-67
95                android:resource="@xml/provider_paths" />
95-->src\main\AndroidManifest.xml:84:17-55
96        </provider>
97
98        <activity
98-->[com.google.firebase:firebase-auth:21.0.3] AndroidManifest.xml:27:9-44:20
99            android:name="com.google.firebase.auth.internal.GenericIdpActivity"
99-->[com.google.firebase:firebase-auth:21.0.3] AndroidManifest.xml:28:13-80
100            android:excludeFromRecents="true"
100-->[com.google.firebase:firebase-auth:21.0.3] AndroidManifest.xml:29:13-46
101            android:exported="true"
101-->[com.google.firebase:firebase-auth:21.0.3] AndroidManifest.xml:30:13-36
102            android:launchMode="singleTask"
102-->[com.google.firebase:firebase-auth:21.0.3] AndroidManifest.xml:31:13-44
103            android:theme="@android:style/Theme.Translucent.NoTitleBar" >
103-->[com.google.firebase:firebase-auth:21.0.3] AndroidManifest.xml:32:13-72
104            <intent-filter>
104-->[com.google.firebase:firebase-auth:21.0.3] AndroidManifest.xml:33:13-43:29
105                <action android:name="android.intent.action.VIEW" />
105-->[com.google.firebase:firebase-auth:21.0.3] AndroidManifest.xml:34:17-69
105-->[com.google.firebase:firebase-auth:21.0.3] AndroidManifest.xml:34:25-66
106
107                <category android:name="android.intent.category.DEFAULT" />
107-->[com.google.firebase:firebase-auth:21.0.3] AndroidManifest.xml:36:17-76
107-->[com.google.firebase:firebase-auth:21.0.3] AndroidManifest.xml:36:27-73
108                <category android:name="android.intent.category.BROWSABLE" />
108-->[com.google.firebase:firebase-auth:21.0.3] AndroidManifest.xml:37:17-78
108-->[com.google.firebase:firebase-auth:21.0.3] AndroidManifest.xml:37:27-75
109
110                <data
110-->[com.google.firebase:firebase-auth:21.0.3] AndroidManifest.xml:39:17-42:51
111                    android:host="firebase.auth"
111-->[com.google.firebase:firebase-auth:21.0.3] AndroidManifest.xml:40:21-49
112                    android:path="/"
112-->[com.google.firebase:firebase-auth:21.0.3] AndroidManifest.xml:41:21-37
113                    android:scheme="genericidp" />
113-->[com.google.firebase:firebase-auth:21.0.3] AndroidManifest.xml:42:21-48
114            </intent-filter>
115        </activity>
116        <activity
116-->[com.google.firebase:firebase-auth:21.0.3] AndroidManifest.xml:45:9-62:20
117            android:name="com.google.firebase.auth.internal.RecaptchaActivity"
117-->[com.google.firebase:firebase-auth:21.0.3] AndroidManifest.xml:46:13-79
118            android:excludeFromRecents="true"
118-->[com.google.firebase:firebase-auth:21.0.3] AndroidManifest.xml:47:13-46
119            android:exported="true"
119-->[com.google.firebase:firebase-auth:21.0.3] AndroidManifest.xml:48:13-36
120            android:launchMode="singleTask"
120-->[com.google.firebase:firebase-auth:21.0.3] AndroidManifest.xml:49:13-44
121            android:theme="@android:style/Theme.Translucent.NoTitleBar" >
121-->[com.google.firebase:firebase-auth:21.0.3] AndroidManifest.xml:50:13-72
122            <intent-filter>
122-->[com.google.firebase:firebase-auth:21.0.3] AndroidManifest.xml:51:13-61:29
123                <action android:name="android.intent.action.VIEW" />
123-->[com.google.firebase:firebase-auth:21.0.3] AndroidManifest.xml:34:17-69
123-->[com.google.firebase:firebase-auth:21.0.3] AndroidManifest.xml:34:25-66
124
125                <category android:name="android.intent.category.DEFAULT" />
125-->[com.google.firebase:firebase-auth:21.0.3] AndroidManifest.xml:36:17-76
125-->[com.google.firebase:firebase-auth:21.0.3] AndroidManifest.xml:36:27-73
126                <category android:name="android.intent.category.BROWSABLE" />
126-->[com.google.firebase:firebase-auth:21.0.3] AndroidManifest.xml:37:17-78
126-->[com.google.firebase:firebase-auth:21.0.3] AndroidManifest.xml:37:27-75
127
128                <data
128-->[com.google.firebase:firebase-auth:21.0.3] AndroidManifest.xml:39:17-42:51
129                    android:host="firebase.auth"
129-->[com.google.firebase:firebase-auth:21.0.3] AndroidManifest.xml:40:21-49
130                    android:path="/"
130-->[com.google.firebase:firebase-auth:21.0.3] AndroidManifest.xml:41:21-37
131                    android:scheme="recaptcha" />
131-->[com.google.firebase:firebase-auth:21.0.3] AndroidManifest.xml:42:21-48
132            </intent-filter>
133        </activity>
134
135        <service
135-->[com.google.firebase:firebase-auth:21.0.3] AndroidManifest.xml:64:9-70:19
136            android:name="com.google.firebase.components.ComponentDiscoveryService"
136-->[com.google.firebase:firebase-auth:21.0.3] AndroidManifest.xml:65:13-84
137            android:directBootAware="true"
137-->[com.google.firebase:firebase-common:20.1.0] AndroidManifest.xml:35:13-43
138            android:exported="false" >
138-->[com.google.firebase:firebase-auth:21.0.3] AndroidManifest.xml:66:13-37
139            <meta-data
139-->[com.google.firebase:firebase-auth:21.0.3] AndroidManifest.xml:67:13-69:85
140                android:name="com.google.firebase.components:com.google.firebase.auth.FirebaseAuthRegistrar"
140-->[com.google.firebase:firebase-auth:21.0.3] AndroidManifest.xml:68:17-109
141                android:value="com.google.firebase.components.ComponentRegistrar" />
141-->[com.google.firebase:firebase-auth:21.0.3] AndroidManifest.xml:69:17-82
142            <meta-data
142-->[com.google.firebase:firebase-firestore:24.1.1] AndroidManifest.xml:20:13-22:85
143                android:name="com.google.firebase.components:com.google.firebase.firestore.FirestoreRegistrar"
143-->[com.google.firebase:firebase-firestore:24.1.1] AndroidManifest.xml:21:17-111
144                android:value="com.google.firebase.components.ComponentRegistrar" />
144-->[com.google.firebase:firebase-firestore:24.1.1] AndroidManifest.xml:22:17-82
145            <meta-data
145-->[com.google.firebase:firebase-database:20.0.4] AndroidManifest.xml:32:13-34:85
146                android:name="com.google.firebase.components:com.google.firebase.database.DatabaseRegistrar"
146-->[com.google.firebase:firebase-database:20.0.4] AndroidManifest.xml:33:17-109
147                android:value="com.google.firebase.components.ComponentRegistrar" />
147-->[com.google.firebase:firebase-database:20.0.4] AndroidManifest.xml:34:17-82
148            <meta-data
148-->[com.google.firebase:firebase-storage:20.0.1] AndroidManifest.xml:33:13-35:85
149                android:name="com.google.firebase.components:com.google.firebase.storage.StorageRegistrar"
149-->[com.google.firebase:firebase-storage:20.0.1] AndroidManifest.xml:34:17-107
150                android:value="com.google.firebase.components.ComponentRegistrar" />
150-->[com.google.firebase:firebase-storage:20.0.1] AndroidManifest.xml:35:17-82
151        </service>
152
153        <activity
153-->[com.google.android.gms:play-services-auth:20.1.0] AndroidManifest.xml:23:9-27:75
154            android:name="com.google.android.gms.auth.api.signin.internal.SignInHubActivity"
154-->[com.google.android.gms:play-services-auth:20.1.0] AndroidManifest.xml:24:13-93
155            android:excludeFromRecents="true"
155-->[com.google.android.gms:play-services-auth:20.1.0] AndroidManifest.xml:25:13-46
156            android:exported="false"
156-->[com.google.android.gms:play-services-auth:20.1.0] AndroidManifest.xml:26:13-37
157            android:theme="@android:style/Theme.Translucent.NoTitleBar" />
157-->[com.google.android.gms:play-services-auth:20.1.0] AndroidManifest.xml:27:13-72
158        <!--
159            Service handling Google Sign-In user revocation. For apps that do not integrate with
160            Google Sign-In, this service will never be started.
161        -->
162        <service
162-->[com.google.android.gms:play-services-auth:20.1.0] AndroidManifest.xml:33:9-37:51
163            android:name="com.google.android.gms.auth.api.signin.RevocationBoundService"
163-->[com.google.android.gms:play-services-auth:20.1.0] AndroidManifest.xml:34:13-89
164            android:exported="true"
164-->[com.google.android.gms:play-services-auth:20.1.0] AndroidManifest.xml:35:13-36
165            android:permission="com.google.android.gms.auth.api.signin.permission.REVOCATION_NOTIFICATION"
165-->[com.google.android.gms:play-services-auth:20.1.0] AndroidManifest.xml:36:13-107
166            android:visibleToInstantApps="true" />
166-->[com.google.android.gms:play-services-auth:20.1.0] AndroidManifest.xml:37:13-48
167
168        <provider
168-->[com.google.firebase:firebase-common:20.1.0] AndroidManifest.xml:26:9-31:39
169            android:name="com.google.firebase.provider.FirebaseInitProvider"
169-->[com.google.firebase:firebase-common:20.1.0] AndroidManifest.xml:27:13-77
170            android:authorities="com.example.allnotes.firebaseinitprovider"
170-->[com.google.firebase:firebase-common:20.1.0] AndroidManifest.xml:28:13-72
171            android:directBootAware="true"
171-->[com.google.firebase:firebase-common:20.1.0] AndroidManifest.xml:29:13-43
172            android:exported="false"
172-->[com.google.firebase:firebase-common:20.1.0] AndroidManifest.xml:30:13-37
173            android:initOrder="100" />
173-->[com.google.firebase:firebase-common:20.1.0] AndroidManifest.xml:31:13-36
174
175        <activity
175-->[com.google.android.gms:play-services-base:18.0.1] AndroidManifest.xml:20:9-22:45
176            android:name="com.google.android.gms.common.api.GoogleApiActivity"
176-->[com.google.android.gms:play-services-base:18.0.1] AndroidManifest.xml:20:19-85
177            android:exported="false"
177-->[com.google.android.gms:play-services-base:18.0.1] AndroidManifest.xml:22:19-43
178            android:theme="@android:style/Theme.Translucent.NoTitleBar" />
178-->[com.google.android.gms:play-services-base:18.0.1] AndroidManifest.xml:21:19-78
179
180        <meta-data
180-->[com.google.android.gms:play-services-basement:18.0.0] AndroidManifest.xml:21:9-23:69
181            android:name="com.google.android.gms.version"
181-->[com.google.android.gms:play-services-basement:18.0.0] AndroidManifest.xml:22:13-58
182            android:value="@integer/google_play_services_version" />
182-->[com.google.android.gms:play-services-basement:18.0.0] AndroidManifest.xml:23:13-66
183
184        <provider
184-->[androidx.emoji2:emoji2:1.0.0] AndroidManifest.xml:26:9-34:20
185            android:name="androidx.startup.InitializationProvider"
185-->[androidx.emoji2:emoji2:1.0.0] AndroidManifest.xml:27:13-67
186            android:authorities="com.example.allnotes.androidx-startup"
186-->[androidx.emoji2:emoji2:1.0.0] AndroidManifest.xml:28:13-68
187            android:exported="false" >
187-->[androidx.emoji2:emoji2:1.0.0] AndroidManifest.xml:29:13-37
188            <meta-data
188-->[androidx.emoji2:emoji2:1.0.0] AndroidManifest.xml:31:13-33:52
189                android:name="androidx.emoji2.text.EmojiCompatInitializer"
189-->[androidx.emoji2:emoji2:1.0.0] AndroidManifest.xml:32:17-75
190                android:value="androidx.startup" />
190-->[androidx.emoji2:emoji2:1.0.0] AndroidManifest.xml:33:17-49
191            <meta-data
191-->[androidx.lifecycle:lifecycle-process:2.4.0] AndroidManifest.xml:31:13-33:52
192                android:name="androidx.lifecycle.ProcessLifecycleInitializer"
192-->[androidx.lifecycle:lifecycle-process:2.4.0] AndroidManifest.xml:32:17-78
193                android:value="androidx.startup" />
193-->[androidx.lifecycle:lifecycle-process:2.4.0] AndroidManifest.xml:33:17-49
194        </provider>
195
196        <uses-library
196-->[androidx.window:window:1.0.0] AndroidManifest.xml:25:9-27:40
197            android:name="androidx.window.extensions"
197-->[androidx.window:window:1.0.0] AndroidManifest.xml:26:13-54
198            android:required="false" />
198-->[androidx.window:window:1.0.0] AndroidManifest.xml:27:13-37
199        <uses-library
199-->[androidx.window:window:1.0.0] AndroidManifest.xml:28:9-30:40
200            android:name="androidx.window.sidecar"
200-->[androidx.window:window:1.0.0] AndroidManifest.xml:29:13-51
201            android:required="false" />
201-->[androidx.window:window:1.0.0] AndroidManifest.xml:30:13-37
202    </application>
203
204</manifest>